Start testing: Nov 30 15:28 MSK
----------------------------------------------------------
1/8 Testing: _.Add
1/8 Test: _.Add
Command: "/Users/pawkorchargin/itmo-ct-y27-s3/cpp/hw1/tests/op_tests" "--gtest_filter=_.Add" "--gtest_also_run_disabled_tests"
Directory: /Users/pawkorchargin/itmo-ct-y27-s3/cpp/hw1/tests
"_.Add" start time: Nov 30 15:28 MSK
Output:
----------------------------------------------------------
Running main() from /Users/pawkorchargin/itmo-ct-y27-s3/cpp/hw1/_deps/googletest-src/googletest/src/gtest_main.cc
Note: Google Test filter = _.Add
[==========] Running 1 test from 1 test suite.
[----------] Global test environment set-up.
[----------] 1 test from _
[ RUN      ] _.Add
[       OK ] _.Add (0 ms)
[----------] 1 test from _ (0 ms total)

[----------] Global test environment tear-down
[==========] 1 test from 1 test suite ran. (0 ms total)
[  PASSED  ] 1 test.
<end of output>
Test time =   0.01 sec
----------------------------------------------------------
Test Passed.
"_.Add" end time: Nov 30 15:28 MSK
"_.Add" time elapsed: 00:00:00
----------------------------------------------------------

2/8 Testing: _.Diff
2/8 Test: _.Diff
Command: "/Users/pawkorchargin/itmo-ct-y27-s3/cpp/hw1/tests/op_tests" "--gtest_filter=_.Diff" "--gtest_also_run_disabled_tests"
Directory: /Users/pawkorchargin/itmo-ct-y27-s3/cpp/hw1/tests
"_.Diff" start time: Nov 30 15:28 MSK
Output:
----------------------------------------------------------
Running main() from /Users/pawkorchargin/itmo-ct-y27-s3/cpp/hw1/_deps/googletest-src/googletest/src/gtest_main.cc
Note: Google Test filter = _.Diff
[==========] Running 1 test from 1 test suite.
[----------] Global test environment set-up.
[----------] 1 test from _
[ RUN      ] _.Diff
[       OK ] _.Diff (0 ms)
[----------] 1 test from _ (0 ms total)

[----------] Global test environment tear-down
[==========] 1 test from 1 test suite ran. (0 ms total)
[  PASSED  ] 1 test.
<end of output>
Test time =   0.01 sec
----------------------------------------------------------
Test Passed.
"_.Diff" end time: Nov 30 15:28 MSK
"_.Diff" time elapsed: 00:00:00
----------------------------------------------------------

3/8 Testing: _.Mul
3/8 Test: _.Mul
Command: "/Users/pawkorchargin/itmo-ct-y27-s3/cpp/hw1/tests/op_tests" "--gtest_filter=_.Mul" "--gtest_also_run_disabled_tests"
Directory: /Users/pawkorchargin/itmo-ct-y27-s3/cpp/hw1/tests
"_.Mul" start time: Nov 30 15:28 MSK
Output:
----------------------------------------------------------
Running main() from /Users/pawkorchargin/itmo-ct-y27-s3/cpp/hw1/_deps/googletest-src/googletest/src/gtest_main.cc
Note: Google Test filter = _.Mul
[==========] Running 1 test from 1 test suite.
[----------] Global test environment set-up.
[----------] 1 test from _
[ RUN      ] _.Mul
[       OK ] _.Mul (0 ms)
[----------] 1 test from _ (0 ms total)

[----------] Global test environment tear-down
[==========] 1 test from 1 test suite ran. (0 ms total)
[  PASSED  ] 1 test.
<end of output>
Test time =   0.00 sec
----------------------------------------------------------
Test Passed.
"_.Mul" end time: Nov 30 15:28 MSK
"_.Mul" time elapsed: 00:00:00
----------------------------------------------------------

4/8 Testing: _.AddBig
4/8 Test: _.AddBig
Command: "/Users/pawkorchargin/itmo-ct-y27-s3/cpp/hw1/tests/op_tests" "--gtest_filter=_.AddBig" "--gtest_also_run_disabled_tests"
Directory: /Users/pawkorchargin/itmo-ct-y27-s3/cpp/hw1/tests
"_.AddBig" start time: Nov 30 15:28 MSK
Output:
----------------------------------------------------------
Running main() from /Users/pawkorchargin/itmo-ct-y27-s3/cpp/hw1/_deps/googletest-src/googletest/src/gtest_main.cc
Note: Google Test filter = _.AddBig
[==========] Running 1 test from 1 test suite.
[----------] Global test environment set-up.
[----------] 1 test from _
[ RUN      ] _.AddBig
[       OK ] _.AddBig (0 ms)
[----------] 1 test from _ (0 ms total)

[----------] Global test environment tear-down
[==========] 1 test from 1 test suite ran. (0 ms total)
[  PASSED  ] 1 test.
<end of output>
Test time =   0.01 sec
----------------------------------------------------------
Test Passed.
"_.AddBig" end time: Nov 30 15:28 MSK
"_.AddBig" time elapsed: 00:00:00
----------------------------------------------------------

5/8 Testing: _.MulBig
5/8 Test: _.MulBig
Command: "/Users/pawkorchargin/itmo-ct-y27-s3/cpp/hw1/tests/op_tests" "--gtest_filter=_.MulBig" "--gtest_also_run_disabled_tests"
Directory: /Users/pawkorchargin/itmo-ct-y27-s3/cpp/hw1/tests
"_.MulBig" start time: Nov 30 15:28 MSK
Output:
----------------------------------------------------------
Running main() from /Users/pawkorchargin/itmo-ct-y27-s3/cpp/hw1/_deps/googletest-src/googletest/src/gtest_main.cc
Note: Google Test filter = _.MulBig
[==========] Running 1 test from 1 test suite.
[----------] Global test environment set-up.
[----------] 1 test from _
[ RUN      ] _.MulBig
[       OK ] _.MulBig (0 ms)
[----------] 1 test from _ (0 ms total)

[----------] Global test environment tear-down
[==========] 1 test from 1 test suite ran. (0 ms total)
[  PASSED  ] 1 test.
<end of output>
Test time =   0.01 sec
----------------------------------------------------------
Test Passed.
"_.MulBig" end time: Nov 30 15:28 MSK
"_.MulBig" time elapsed: 00:00:00
----------------------------------------------------------

6/8 Testing: _.DivInt
6/8 Test: _.DivInt
Command: "/Users/pawkorchargin/itmo-ct-y27-s3/cpp/hw1/tests/op_tests" "--gtest_filter=_.DivInt" "--gtest_also_run_disabled_tests"
Directory: /Users/pawkorchargin/itmo-ct-y27-s3/cpp/hw1/tests
"_.DivInt" start time: Nov 30 15:28 MSK
Output:
----------------------------------------------------------
Running main() from /Users/pawkorchargin/itmo-ct-y27-s3/cpp/hw1/_deps/googletest-src/googletest/src/gtest_main.cc
Note: Google Test filter = _.DivInt
[==========] Running 1 test from 1 test suite.
[----------] Global test environment set-up.
[----------] 1 test from _
[ RUN      ] _.DivInt
[       OK ] _.DivInt (0 ms)
[----------] 1 test from _ (0 ms total)

[----------] Global test environment tear-down
[==========] 1 test from 1 test suite ran. (0 ms total)
[  PASSED  ] 1 test.
<end of output>
Test time =   0.01 sec
----------------------------------------------------------
Test Passed.
"_.DivInt" end time: Nov 30 15:28 MSK
"_.DivInt" time elapsed: 00:00:00
----------------------------------------------------------

7/8 Testing: _.DivFloat
7/8 Test: _.DivFloat
Command: "/Users/pawkorchargin/itmo-ct-y27-s3/cpp/hw1/tests/op_tests" "--gtest_filter=_.DivFloat" "--gtest_also_run_disabled_tests"
Directory: /Users/pawkorchargin/itmo-ct-y27-s3/cpp/hw1/tests
"_.DivFloat" start time: Nov 30 15:28 MSK
Output:
----------------------------------------------------------
Running main() from /Users/pawkorchargin/itmo-ct-y27-s3/cpp/hw1/_deps/googletest-src/googletest/src/gtest_main.cc
Note: Google Test filter = _.DivFloat
[==========] Running 1 test from 1 test suite.
[----------] Global test environment set-up.
[----------] 1 test from _
[ RUN      ] _.DivFloat
[       OK ] _.DivFloat (0 ms)
[----------] 1 test from _ (0 ms total)

[----------] Global test environment tear-down
[==========] 1 test from 1 test suite ran. (0 ms total)
[  PASSED  ] 1 test.
<end of output>
Test time =   0.01 sec
----------------------------------------------------------
Test Passed.
"_.DivFloat" end time: Nov 30 15:28 MSK
"_.DivFloat" time elapsed: 00:00:00
----------------------------------------------------------

8/8 Testing: _.DivIntToFloat
8/8 Test: _.DivIntToFloat
Command: "/Users/pawkorchargin/itmo-ct-y27-s3/cpp/hw1/tests/op_tests" "--gtest_filter=_.DivIntToFloat" "--gtest_also_run_disabled_tests"
Directory: /Users/pawkorchargin/itmo-ct-y27-s3/cpp/hw1/tests
"_.DivIntToFloat" start time: Nov 30 15:28 MSK
Output:
----------------------------------------------------------
Running main() from /Users/pawkorchargin/itmo-ct-y27-s3/cpp/hw1/_deps/googletest-src/googletest/src/gtest_main.cc
Note: Google Test filter = _.DivIntToFloat
[==========] Running 1 test from 1 test suite.
[----------] Global test environment set-up.
[----------] 1 test from _
[ RUN      ] _.DivIntToFloat
[       OK ] _.DivIntToFloat (0 ms)
[----------] 1 test from _ (0 ms total)

[----------] Global test environment tear-down
[==========] 1 test from 1 test suite ran. (0 ms total)
[  PASSED  ] 1 test.
<end of output>
Test time =   0.01 sec
----------------------------------------------------------
Test Passed.
"_.DivIntToFloat" end time: Nov 30 15:28 MSK
"_.DivIntToFloat" time elapsed: 00:00:00
----------------------------------------------------------

End testing: Nov 30 15:28 MSK
